2017-04-05 19:30:28.437  INFO 6631 --- [main] com.mocha.FrameWorkApplication           : Starting FrameWorkApplication on iMac666.local with PID 6631 (/Users/admin/programe/framework/target/classes started by admin in /Users/admin/programe/framework)
2017-04-05 19:30:28.439  INFO 6631 --- [main] com.mocha.FrameWorkApplication           : No active profile set, falling back to default profiles: default
2017-04-05 19:30:28.634  INFO 6631 --- [main] ationConfigEmbeddedWebApplicationContext : Refreshing org.springframework.boot.context.embedded.AnnotationConfigEmbeddedWebApplicationContext@6b26e945: startup date [Wed Apr 05 19:30:28 CST 2017]; root of context hierarchy
2017-04-05 19:30:29.026  INFO 6631 --- [main] o.s.b.f.s.DefaultListableBeanFactory     : Overriding bean definition for bean 'beanNameViewResolver' with a different definition: replacing [Root bean: class [null]; scope=; abstract=false; lazyInit=false; autowireMode=3; dependencyCheck=0; autowireCandidate=true; primary=false; factoryBeanName=org.springframework.boot.autoconfigure.web.ErrorMvcAutoConfiguration$WhitelabelErrorViewConfiguration; factoryMethodName=beanNameViewResolver; initMethodName=null; destroyMethodName=(inferred); defined in class path resource [org/springframework/boot/autoconfigure/web/ErrorMvcAutoConfiguration$WhitelabelErrorViewConfiguration.class]] with [Root bean: class [null]; scope=; abstract=false; lazyInit=false; autowireMode=3; dependencyCheck=0; autowireCandidate=true; primary=false; factoryBeanName=org.springframework.boot.autoconfigure.web.WebMvcAutoConfiguration$WebMvcAutoConfigurationAdapter; factoryMethodName=beanNameViewResolver; initMethodName=null; destroyMethodName=(inferred); defined in class path resource [org/springframework/boot/autoconfigure/web/WebMvcAutoConfiguration$WebMvcAutoConfigurationAdapter.class]]
2017-04-05 19:30:29.232  INFO 6631 --- [main] trationDelegate$BeanPostProcessorChecker : Bean 'org.springframework.transaction.annotation.ProxyTransactionManagementConfiguration' of type [class org.springframework.transaction.annotation.ProxyTransactionManagementConfiguration$$EnhancerBySpringCGLIB$$3824b55] is not eligible for getting processed by all BeanPostProcessors (for example: not eligible for auto-proxying)
2017-04-05 19:30:29.527  INFO 6631 --- [main] s.b.c.e.t.TomcatEmbeddedServletContainer : Tomcat initialized with port(s): 8080 (http)
2017-04-05 19:30:29.537  INFO 6631 --- [main] o.apache.catalina.core.StandardService   : Starting service Tomcat
2017-04-05 19:30:29.537  INFO 6631 --- [main] org.apache.catalina.core.StandardEngine  : Starting Servlet Engine: Apache Tomcat/8.0.30
2017-04-05 19:30:29.614  INFO 6631 --- [localhost-startStop-1] o.a.c.c.C.[Tomcat].[localhost].[/]       : Initializing Spring embedded WebApplicationContext
2017-04-05 19:30:29.615  INFO 6631 --- [localhost-startStop-1] o.s.web.context.ContextLoader            : Root WebApplicationContext: initialization completed in 983 ms
2017-04-05 19:30:29.793  INFO 6631 --- [localhost-startStop-1] o.s.b.c.e.ServletRegistrationBean        : Mapping servlet: 'dispatcherServlet' to [/]
2017-04-05 19:30:29.796  INFO 6631 --- [localhost-startStop-1] o.s.b.c.embedded.FilterRegistrationBean  : Mapping filter: 'characterEncodingFilter' to: [/*]
2017-04-05 19:30:29.797  INFO 6631 --- [localhost-startStop-1] o.s.b.c.embedded.FilterRegistrationBean  : Mapping filter: 'hiddenHttpMethodFilter' to: [/*]
2017-04-05 19:30:29.797  INFO 6631 --- [localhost-startStop-1] o.s.b.c.embedded.FilterRegistrationBean  : Mapping filter: 'httpPutFormContentFilter' to: [/*]
2017-04-05 19:30:29.797  INFO 6631 --- [localhost-startStop-1] o.s.b.c.embedded.FilterRegistrationBean  : Mapping filter: 'requestContextFilter' to: [/*]
2017-04-05 19:30:30.207  INFO 6631 --- [main] s.w.s.m.m.a.RequestMappingHandlerAdapter : Looking for @ControllerAdvice: org.springframework.boot.context.embedded.AnnotationConfigEmbeddedWebApplicationContext@6b26e945: startup date [Wed Apr 05 19:30:28 CST 2017]; root of context hierarchy
2017-04-05 19:30:30.265  INFO 6631 --- [main] s.w.s.m.m.a.RequestMappingHandlerMapping : Mapped "{[/update]}" onto public java.lang.String com.mocha.controller.UserController.update(com.mocha.bean.User)
2017-04-05 19:30:30.266  INFO 6631 --- [main] s.w.s.m.m.a.RequestMappingHandlerMapping : Mapped "{[/insert]}" onto public java.lang.String com.mocha.controller.UserController.insert(com.mocha.bean.User)
2017-04-05 19:30:30.266  INFO 6631 --- [main] s.w.s.m.m.a.RequestMappingHandlerMapping : Mapped "{[/login]}" onto public java.lang.String com.mocha.controller.UserController.login(java.lang.String,java.lang.String)
2017-04-05 19:30:30.267  INFO 6631 --- [main] s.w.s.m.m.a.RequestMappingHandlerMapping : Mapped "{[/error]}" onto public org.springframework.http.ResponseEntity<java.util.Map<java.lang.String, java.lang.Object>> org.springframework.boot.autoconfigure.web.BasicErrorController.error(javax.servlet.http.HttpServletRequest)
2017-04-05 19:30:30.267  INFO 6631 --- [main] s.w.s.m.m.a.RequestMappingHandlerMapping : Mapped "{[/error],produces=[text/html]}" onto public org.springframework.web.servlet.ModelAndView org.springframework.boot.autoconfigure.web.BasicErrorController.errorHtml(javax.servlet.http.HttpServletRequest,javax.servlet.http.HttpServletResponse)
2017-04-05 19:30:30.285  INFO 6631 --- [main] o.s.w.s.handler.SimpleUrlHandlerMapping  : Mapped URL path [/webjars/**] onto handler of type [class org.springframework.web.servlet.resource.ResourceHttpRequestHandler]
2017-04-05 19:30:30.286  INFO 6631 --- [main] o.s.w.s.handler.SimpleUrlHandlerMapping  : Mapped URL path [/**] onto handler of type [class org.springframework.web.servlet.resource.ResourceHttpRequestHandler]
2017-04-05 19:30:30.311  INFO 6631 --- [main] o.s.w.s.handler.SimpleUrlHandlerMapping  : Mapped URL path [/**/favicon.ico] onto handler of type [class org.springframework.web.servlet.resource.ResourceHttpRequestHandler]
2017-04-05 19:30:30.741  INFO 6631 --- [main] o.s.j.e.a.AnnotationMBeanExporter        : Registering beans for JMX exposure on startup
2017-04-05 19:30:30.790  INFO 6631 --- [main] s.b.c.e.t.TomcatEmbeddedServletContainer : Tomcat started on port(s): 8080 (http)
2017-04-05 19:30:30.793  INFO 6631 --- [main] com.mocha.FrameWorkApplication           : Started FrameWorkApplication in 12.859 seconds (JVM running for 13.659)
2017-04-05 19:30:51.825  INFO 6631 --- [http-nio-8080-exec-1] o.a.c.c.C.[Tomcat].[localhost].[/]       : Initializing Spring FrameworkServlet 'dispatcherServlet'
2017-04-05 19:30:51.825  INFO 6631 --- [http-nio-8080-exec-1] o.s.web.servlet.DispatcherServlet        : FrameworkServlet 'dispatcherServlet': initialization started
2017-04-05 19:30:51.834  INFO 6631 --- [http-nio-8080-exec-1] o.s.web.servlet.DispatcherServlet        : FrameworkServlet 'dispatcherServlet': initialization completed in 9 ms
2017-04-05 19:30:51.861  INFO 6631 --- [http-nio-8080-exec-1] com.mocha.service.UserService            : info
2017-04-05 19:30:51.861 ERROR 6631 --- [http-nio-8080-exec-1] com.mocha.service.UserService            : error
2017-04-05 19:32:03.612  INFO 6631 --- [Thread-2] ationConfigEmbeddedWebApplicationContext : Closing org.springframework.boot.context.embedded.AnnotationConfigEmbeddedWebApplicationContext@6b26e945: startup date [Wed Apr 05 19:30:28 CST 2017]; root of context hierarchy
2017-04-05 19:32:03.622  INFO 6631 --- [Thread-2] o.s.j.e.a.AnnotationMBeanExporter        : Unregistering JMX-exposed beans on shutdown
2017-04-05 19:52:45.655  INFO 6917 --- [main] com.mocha.FrameWorkApplication           : Starting FrameWorkApplication on iMac666.local with PID 6917 (/Users/admin/programe/framework/target/classes started by admin in /Users/admin/programe/framework)
2017-04-05 19:52:45.669  INFO 6917 --- [main] com.mocha.FrameWorkApplication           : No active profile set, falling back to default profiles: default
2017-04-05 19:52:46.021  INFO 6917 --- [main] ationConfigEmbeddedWebApplicationContext : Refreshing org.springframework.boot.context.embedded.AnnotationConfigEmbeddedWebApplicationContext@6d2a209c: startup date [Wed Apr 05 19:52:46 CST 2017]; root of context hierarchy
2017-04-05 19:52:47.062  INFO 6917 --- [main] o.s.b.f.s.DefaultListableBeanFactory     : Overriding bean definition for bean 'beanNameViewResolver' with a different definition: replacing [Root bean: class [null]; scope=; abstract=false; lazyInit=false; autowireMode=3; dependencyCheck=0; autowireCandidate=true; primary=false; factoryBeanName=org.springframework.boot.autoconfigure.web.ErrorMvcAutoConfiguration$WhitelabelErrorViewConfiguration; factoryMethodName=beanNameViewResolver; initMethodName=null; destroyMethodName=(inferred); defined in class path resource [org/springframework/boot/autoconfigure/web/ErrorMvcAutoConfiguration$WhitelabelErrorViewConfiguration.class]] with [Root bean: class [null]; scope=; abstract=false; lazyInit=false; autowireMode=3; dependencyCheck=0; autowireCandidate=true; primary=false; factoryBeanName=org.springframework.boot.autoconfigure.web.WebMvcAutoConfiguration$WebMvcAutoConfigurationAdapter; factoryMethodName=beanNameViewResolver; initMethodName=null; destroyMethodName=(inferred); defined in class path resource [org/springframework/boot/autoconfigure/web/WebMvcAutoConfiguration$WebMvcAutoConfigurationAdapter.class]]
2017-04-05 19:52:47.570  INFO 6917 --- [main] trationDelegate$BeanPostProcessorChecker : Bean 'org.springframework.transaction.annotation.ProxyTransactionManagementConfiguration' of type [class org.springframework.transaction.annotation.ProxyTransactionManagementConfiguration$$EnhancerBySpringCGLIB$$8f8c7031] is not eligible for getting processed by all BeanPostProcessors (for example: not eligible for auto-proxying)
2017-04-05 19:52:48.053  INFO 6917 --- [main] s.b.c.e.t.TomcatEmbeddedServletContainer : Tomcat initialized with port(s): 8080 (http)
2017-04-05 19:52:48.063  INFO 6917 --- [main] o.apache.catalina.core.StandardService   : Starting service Tomcat
2017-04-05 19:52:48.064  INFO 6917 --- [main] org.apache.catalina.core.StandardEngine  : Starting Servlet Engine: Apache Tomcat/8.0.30
2017-04-05 19:52:48.218  INFO 6917 --- [localhost-startStop-1] o.a.c.c.C.[Tomcat].[localhost].[/]       : Initializing Spring embedded WebApplicationContext
2017-04-05 19:52:48.218  INFO 6917 --- [localhost-startStop-1] o.s.web.context.ContextLoader            : Root WebApplicationContext: initialization completed in 2199 ms
2017-04-05 19:52:48.497  INFO 6917 --- [localhost-startStop-1] o.s.b.c.e.ServletRegistrationBean        : Mapping servlet: 'dispatcherServlet' to [/]
2017-04-05 19:52:48.500  INFO 6917 --- [localhost-startStop-1] o.s.b.c.embedded.FilterRegistrationBean  : Mapping filter: 'characterEncodingFilter' to: [/*]
2017-04-05 19:52:48.501  INFO 6917 --- [localhost-startStop-1] o.s.b.c.embedded.FilterRegistrationBean  : Mapping filter: 'hiddenHttpMethodFilter' to: [/*]
2017-04-05 19:52:48.501  INFO 6917 --- [localhost-startStop-1] o.s.b.c.embedded.FilterRegistrationBean  : Mapping filter: 'httpPutFormContentFilter' to: [/*]
2017-04-05 19:52:48.501  INFO 6917 --- [localhost-startStop-1] o.s.b.c.embedded.FilterRegistrationBean  : Mapping filter: 'requestContextFilter' to: [/*]
2017-04-05 19:52:49.145  INFO 6917 --- [main] s.w.s.m.m.a.RequestMappingHandlerAdapter : Looking for @ControllerAdvice: org.springframework.boot.context.embedded.AnnotationConfigEmbeddedWebApplicationContext@6d2a209c: startup date [Wed Apr 05 19:52:46 CST 2017]; root of context hierarchy
2017-04-05 19:52:49.257  INFO 6917 --- [main] s.w.s.m.m.a.RequestMappingHandlerMapping : Mapped "{[/update]}" onto public java.lang.String com.mocha.controller.UserController.update(com.mocha.bean.User)
2017-04-05 19:52:49.257  INFO 6917 --- [main] s.w.s.m.m.a.RequestMappingHandlerMapping : Mapped "{[/insert]}" onto public java.lang.String com.mocha.controller.UserController.insert(com.mocha.bean.User)
2017-04-05 19:52:49.257  INFO 6917 --- [main] s.w.s.m.m.a.RequestMappingHandlerMapping : Mapped "{[/login]}" onto public java.lang.String com.mocha.controller.UserController.login(java.lang.String,java.lang.String)
2017-04-05 19:52:49.258  INFO 6917 --- [main] s.w.s.m.m.a.RequestMappingHandlerMapping : Mapped "{[/logapi]}" onto public java.lang.String com.mocha.controller.UserControllerApi.getByName(java.lang.String)
2017-04-05 19:52:49.260  INFO 6917 --- [main] s.w.s.m.m.a.RequestMappingHandlerMapping : Mapped "{[/error]}" onto public org.springframework.http.ResponseEntity<java.util.Map<java.lang.String, java.lang.Object>> org.springframework.boot.autoconfigure.web.BasicErrorController.error(javax.servlet.http.HttpServletRequest)
2017-04-05 19:52:49.260  INFO 6917 --- [main] s.w.s.m.m.a.RequestMappingHandlerMapping : Mapped "{[/error],produces=[text/html]}" onto public org.springframework.web.servlet.ModelAndView org.springframework.boot.autoconfigure.web.BasicErrorController.errorHtml(javax.servlet.http.HttpServletRequest,javax.servlet.http.HttpServletResponse)
2017-04-05 19:52:49.276  INFO 6917 --- [main] o.s.w.s.handler.SimpleUrlHandlerMapping  : Mapped URL path [/webjars/**] onto handler of type [class org.springframework.web.servlet.resource.ResourceHttpRequestHandler]
2017-04-05 19:52:49.276  INFO 6917 --- [main] o.s.w.s.handler.SimpleUrlHandlerMapping  : Mapped URL path [/**] onto handler of type [class org.springframework.web.servlet.resource.ResourceHttpRequestHandler]
2017-04-05 19:52:49.297  INFO 6917 --- [main] o.s.w.s.handler.SimpleUrlHandlerMapping  : Mapped URL path [/**/favicon.ico] onto handler of type [class org.springframework.web.servlet.resource.ResourceHttpRequestHandler]
2017-04-05 19:52:50.131  INFO 6917 --- [main] o.s.j.e.a.AnnotationMBeanExporter        : Registering beans for JMX exposure on startup
2017-04-05 19:52:50.218  INFO 6917 --- [main] s.b.c.e.t.TomcatEmbeddedServletContainer : Tomcat started on port(s): 8080 (http)
2017-04-05 19:52:50.231  INFO 6917 --- [main] com.mocha.FrameWorkApplication           : Started FrameWorkApplication in 16.032 seconds (JVM running for 17.715)
2017-04-05 19:53:01.868  INFO 6917 --- [http-nio-8080-exec-1] o.a.c.c.C.[Tomcat].[localhost].[/]       : Initializing Spring FrameworkServlet 'dispatcherServlet'
2017-04-05 19:53:01.881  INFO 6917 --- [http-nio-8080-exec-1] o.s.web.servlet.DispatcherServlet        : FrameworkServlet 'dispatcherServlet': initialization started
2017-04-05 19:53:01.904  INFO 6917 --- [http-nio-8080-exec-1] o.s.web.servlet.DispatcherServlet        : FrameworkServlet 'dispatcherServlet': initialization completed in 23 ms
2017-04-05 19:53:01.974  INFO 6917 --- [http-nio-8080-exec-1] com.mocha.service.UserService            : info
2017-04-05 19:53:01.974 ERROR 6917 --- [http-nio-8080-exec-1] com.mocha.service.UserService            : error
2017-04-05 19:53:30.531  INFO 6917 --- [Thread-2] ationConfigEmbeddedWebApplicationContext : Closing org.springframework.boot.context.embedded.AnnotationConfigEmbeddedWebApplicationContext@6d2a209c: startup date [Wed Apr 05 19:52:46 CST 2017]; root of context hierarchy
2017-04-05 19:53:30.540  INFO 6917 --- [Thread-2] o.s.j.e.a.AnnotationMBeanExporter        : Unregistering JMX-exposed beans on shutdown
